[ 2017-03-07T15:15:29+08:00 ] 127.0.0.1 /index.php?g=user&m=index&a=is_login
INFO: [ app_begin ] --START--
INFO: Run Behavior\ReadHtmlCacheBehavior [ RunTime:0.000885s ]
INFO: Run Behavior\CheckLangBehavior [ RunTime:0.002787s ]
INFO: Run Common\Behavior\UrldecodeGetBehavior [ RunTime:0.000888s ]
INFO: [ app_begin ] --END-- [ RunTime:0.005687s ]
NOTIC: [8] Undefined index: url /Users/ioart/thinkCMFX/application/Common/Controller/AppframeController.class.php 第 22 行.

[ 2017-03-07T15:16:04+08:00 ] 127.0.0.1 /index.php?g=user&m=index&a=is_login
INFO: [ app_begin ] --START--
INFO: Run Behavior\ReadHtmlCacheBehavior [ RunTime:0.000624s ]
INFO: Run Behavior\CheckLangBehavior [ RunTime:0.000702s ]
INFO: Run Common\Behavior\UrldecodeGetBehavior [ RunTime:0.000207s ]
INFO: [ app_begin ] --END-- [ RunTime:0.002233s ]
NOTIC: [8] Undefined index: url /Users/ioart/thinkCMFX/application/Common/Controller/AppframeController.class.php 第 22 行.

[ 2017-03-07T15:16:10+08:00 ] 127.0.0.1 /index.php?g=user&m=index&a=is_login
INFO: [ app_begin ] --START--
INFO: Run Behavior\ReadHtmlCacheBehavior [ RunTime:0.000613s ]
INFO: Run Behavior\CheckLangBehavior [ RunTime:0.000680s ]
INFO: Run Common\Behavior\UrldecodeGetBehavior [ RunTime:0.000195s ]
INFO: [ app_begin ] --END-- [ RunTime:0.002239s ]
NOTIC: [8] Undefined index: url /Users/ioart/thinkCMFX/application/Common/Controller/AppframeController.class.php 第 22 行.

[ 2017-03-07T15:16:19+08:00 ] 127.0.0.1 /index.php?g=user&m=index&a=is_login
INFO: [ app_begin ] --START--
INFO: Run Behavior\ReadHtmlCacheBehavior [ RunTime:0.000538s ]
INFO: Run Behavior\CheckLangBehavior [ RunTime:0.000623s ]
INFO: Run Common\Behavior\UrldecodeGetBehavior [ RunTime:0.000210s ]
INFO: [ app_begin ] --END-- [ RunTime:0.001880s ]
NOTIC: [8] Undefined index: url /Users/ioart/thinkCMFX/application/Common/Controller/AppframeController.class.php 第 22 行.

[ 2017-03-07T15:16:28+08:00 ] 127.0.0.1 /index.php?g=user&m=index&a=is_login
INFO: [ app_begin ] --START--
INFO: Run Behavior\ReadHtmlCacheBehavior [ RunTime:0.000806s ]
INFO: Run Behavior\CheckLangBehavior [ RunTime:0.000713s ]
INFO: Run Common\Behavior\UrldecodeGetBehavior [ RunTime:0.000183s ]
INFO: [ app_begin ] --END-- [ RunTime:0.002602s ]
NOTIC: [8] Undefined index: url /Users/ioart/thinkCMFX/application/Common/Controller/AppframeController.class.php 第 22 行.

[ 2017-03-07T15:17:17+08:00 ] 127.0.0.1 /index.php?g=user&m=index&a=is_login
INFO: [ app_begin ] --START--
INFO: Run Behavior\ReadHtmlCacheBehavior [ RunTime:0.000563s ]
INFO: Run Behavior\CheckLangBehavior [ RunTime:0.000819s ]
INFO: Run Common\Behavior\UrldecodeGetBehavior [ RunTime:0.000201s ]
INFO: [ app_begin ] --END-- [ RunTime:0.002152s ]
NOTIC: [8] Undefined index: url /Users/ioart/thinkCMFX/application/Common/Controller/AppframeController.class.php 第 22 行.

[ 2017-03-07T15:17:19+08:00 ] 127.0.0.1 /index.php?g=user&m=index&a=is_login
INFO: [ app_begin ] --START--
INFO: Run Behavior\ReadHtmlCacheBehavior [ RunTime:0.000566s ]
INFO: Run Behavior\CheckLangBehavior [ RunTime:0.000646s ]
INFO: Run Common\Behavior\UrldecodeGetBehavior [ RunTime:0.000270s ]
INFO: [ app_begin ] --END-- [ RunTime:0.002083s ]
NOTIC: [8] Undefined index: url /Users/ioart/thinkCMFX/application/Common/Controller/AppframeController.class.php 第 22 行.

[ 2017-03-07T15:20:55+08:00 ] 127.0.0.1 /index.php?g=user&m=index&a=is_login
INFO: [ app_begin ] --START--
INFO: Run Behavior\ReadHtmlCacheBehavior [ RunTime:0.000732s ]
INFO: Run Behavior\CheckLangBehavior [ RunTime:0.001582s ]
INFO: Run Common\Behavior\UrldecodeGetBehavior [ RunTime:0.000640s ]
INFO: [ app_begin ] --END-- [ RunTime:0.004501s ]
NOTIC: [8] Undefined index: url /Users/ioart/thinkCMFX/application/Common/Controller/AppframeController.class.php 第 22 行.

[ 2017-03-07T15:20:57+08:00 ] 127.0.0.1 /index.php?g=user&m=index&a=is_login
INFO: [ app_begin ] --START--
INFO: Run Behavior\ReadHtmlCacheBehavior [ RunTime:0.000571s ]
INFO: Run Behavior\CheckLangBehavior [ RunTime:0.000850s ]
INFO: Run Common\Behavior\UrldecodeGetBehavior [ RunTime:0.000212s ]
INFO: [ app_begin ] --END-- [ RunTime:0.002237s ]
NOTIC: [8] Undefined index: url /Users/ioart/thinkCMFX/application/Common/Controller/AppframeController.class.php 第 22 行.

[ 2017-03-07T15:20:58+08:00 ] 127.0.0.1 /index.php?g=user&m=index&a=is_login
INFO: [ app_begin ] --START--
INFO: Run Behavior\ReadHtmlCacheBehavior [ RunTime:0.000633s ]
INFO: Run Behavior\CheckLangBehavior [ RunTime:0.000949s ]
INFO: Run Common\Behavior\UrldecodeGetBehavior [ RunTime:0.000211s ]
INFO: [ app_begin ] --END-- [ RunTime:0.002420s ]
NOTIC: [8] Undefined index: url /Users/ioart/thinkCMFX/application/Common/Controller/AppframeController.class.php 第 22 行.

[ 2017-03-07T15:20:59+08:00 ] 127.0.0.1 /index.php?g=user&m=index&a=is_login
INFO: [ app_begin ] --START--
INFO: Run Behavior\ReadHtmlCacheBehavior [ RunTime:0.006138s ]
INFO: Run Behavior\CheckLangBehavior [ RunTime:0.002018s ]
INFO: Run Common\Behavior\UrldecodeGetBehavior [ RunTime:0.000319s ]
INFO: [ app_begin ] --END-- [ RunTime:0.009379s ]
NOTIC: [8] Undefined index: url /Users/ioart/thinkCMFX/application/Common/Controller/AppframeController.class.php 第 22 行.

[ 2017-03-07T15:21:01+08:00 ] 127.0.0.1 /index.php?g=user&m=index&a=is_login
INFO: [ app_begin ] --START--
INFO: Run Behavior\ReadHtmlCacheBehavior [ RunTime:0.000536s ]
INFO: Run Behavior\CheckLangBehavior [ RunTime:0.000677s ]
INFO: Run Common\Behavior\UrldecodeGetBehavior [ RunTime:0.000304s ]
INFO: [ app_begin ] --END-- [ RunTime:0.002166s ]
NOTIC: [8] Undefined index: url /Users/ioart/thinkCMFX/application/Common/Controller/AppframeController.class.php 第 22 行.

[ 2017-03-07T15:21:02+08:00 ] 127.0.0.1 /index.php?g=user&m=index&a=is_login
INFO: [ app_begin ] --START--
INFO: Run Behavior\ReadHtmlCacheBehavior [ RunTime:0.000947s ]
INFO: Run Behavior\CheckLangBehavior [ RunTime:0.000973s ]
INFO: Run Common\Behavior\UrldecodeGetBehavior [ RunTime:0.000209s ]
INFO: [ app_begin ] --END-- [ RunTime:0.002959s ]
NOTIC: [8] Undefined index: url /Users/ioart/thinkCMFX/application/Common/Controller/AppframeController.class.php 第 22 行.

[ 2017-03-07T15:21:03+08:00 ] 127.0.0.1 /index.php?g=user&m=index&a=is_login
INFO: [ app_begin ] --START--
INFO: Run Behavior\ReadHtmlCacheBehavior [ RunTime:0.000629s ]
INFO: Run Behavior\CheckLangBehavior [ RunTime:0.001200s ]
INFO: Run Common\Behavior\UrldecodeGetBehavior [ RunTime:0.000299s ]
INFO: [ app_begin ] --END-- [ RunTime:0.002768s ]
NOTIC: [8] Undefined index: url /Users/ioart/thinkCMFX/application/Common/Controller/AppframeController.class.php 第 22 行.

[ 2017-03-07T15:21:04+08:00 ] 127.0.0.1 /index.php?g=user&m=index&a=is_login
INFO: [ app_begin ] --START--
INFO: Run Behavior\ReadHtmlCacheBehavior [ RunTime:0.001228s ]
INFO: Run Behavior\CheckLangBehavior [ RunTime:0.001173s ]
INFO: Run Common\Behavior\UrldecodeGetBehavior [ RunTime:0.000370s ]
INFO: [ app_begin ] --END-- [ RunTime:0.003560s ]
NOTIC: [8] Undefined index: url /Users/ioart/thinkCMFX/application/Common/Controller/AppframeController.class.php 第 22 行.

[ 2017-03-07T15:21:07+08:00 ] 127.0.0.1 /index.php?g=user&m=index&a=is_login
INFO: [ app_begin ] --START--
INFO: Run Behavior\ReadHtmlCacheBehavior [ RunTime:0.000544s ]
INFO: Run Behavior\CheckLangBehavior [ RunTime:0.000610s ]
INFO: Run Common\Behavior\UrldecodeGetBehavior [ RunTime:0.000173s ]
INFO: [ app_begin ] --END-- [ RunTime:0.001879s ]
NOTIC: [8] Undefined index: url /Users/ioart/thinkCMFX/application/Common/Controller/AppframeController.class.php 第 22 行.

